<?xml version="1.0" encoding="UTF-8"?>
<!-- Generated by org.testng.reporters.JUnitReportReporter -->
<testsuite skipped="0" hostname="DESKTOP-3SUJPVT" name="PDF_Reader" tests="1" failures="0" timestamp="29 Dec 2018 16:26:37 GMT" time="2.438" errors="0">
  <testcase name="pdfReaderTest" time="2.438" classname="PDF_Reader"/>
</testsuite> <!-- PDF_Reader -->
